have_library: checking for new_jukebox() in -lcdjukebox... -------------------- yes

"gcc -o conftest -IC:/Progra~1/Heroku/ruby-1.9.2/include/ruby-1.9.1/i386-mingw32 -IC:/Progra~1/Heroku/ruby-1.9.2/include/ruby-1.9.1/ruby/backward -IC:/Progra~1/Heroku/ruby-1.9.2/include/ruby-1.9.1 -I. -DFD_SETSIZE=2048  -DFD_SETSIZE=2048  -O3 -fno-omit-frame-pointer -g -Wall -Wextra -Wno-unused-parameter -Wno-parentheses -Wno-long-long -Wno-missing-field-initializers -Wpointer-arith -Wwrite-strings -Wdeclaration-after-statement -Wimplicit-function-declaration conftest.c  -L. -LC:/Progra~1/Heroku/ruby-1.9.2/lib -L.      -lmsvcrt-ruby191  -lshell32 -lws2_32 -limagehlp -lshlwapi  "
checked program was:
/* begin */
1: #include "ruby.h"
2: 
3: #include <winsock2.h>
4: #include <windows.h>
5: int main(int argc, char **argv)
6: {
7:   return 0;
8: }
/* end */

"gcc -o conftest -IC:/Progra~1/Heroku/ruby-1.9.2/include/ruby-1.9.1/i386-mingw32 -IC:/Progra~1/Heroku/ruby-1.9.2/include/ruby-1.9.1/ruby/backward -IC:/Progra~1/Heroku/ruby-1.9.2/include/ruby-1.9.1 -I. -DFD_SETSIZE=2048  -DFD_SETSIZE=2048  -O3 -fno-omit-frame-pointer -g -Wall -Wextra -Wno-unused-parameter -Wno-parentheses -Wno-long-long -Wno-missing-field-initializers -Wpointer-arith -Wwrite-strings -Wdeclaration-after-statement -Wimplicit-function-declaration conftest.c  -L. -LC:/Progra~1/Heroku/ruby-1.9.2/lib -L.      -lmsvcrt-ruby191 -lcdjukebox  -lshell32 -lws2_32 -limagehlp -lshlwapi  "
conftest.c: In function 't':
conftest.c:7:53: error: 'new_jukebox' undeclared (first use in this function)
conftest.c:7:53: note: each undeclared identifier is reported only once for each function it appears in
checked program was:
/* begin */
 1: #include "ruby.h"
 2: 
 3: #include <winsock2.h>
 4: #include <windows.h>
 5: 
 6: /*top*/
 7: int t() { void ((*volatile p)()); p = (void ((*)()))new_jukebox; return 0; }
 8: int main(int argc, char **argv)
 9: {
10:   if (argc > 1000000) {
11:     printf("%p", &t);
12:   }
13: 
14:   return 0;
15: }
/* end */

"gcc -o conftest -IC:/Progra~1/Heroku/ruby-1.9.2/include/ruby-1.9.1/i386-mingw32 -IC:/Progra~1/Heroku/ruby-1.9.2/include/ruby-1.9.1/ruby/backward -IC:/Progra~1/Heroku/ruby-1.9.2/include/ruby-1.9.1 -I. -DFD_SETSIZE=2048  -DFD_SETSIZE=2048  -O3 -fno-omit-frame-pointer -g -Wall -Wextra -Wno-unused-parameter -Wno-parentheses -Wno-long-long -Wno-missing-field-initializers -Wpointer-arith -Wwrite-strings -Wdeclaration-after-statement -Wimplicit-function-declaration conftest.c  -L. -LC:/Progra~1/Heroku/ruby-1.9.2/lib -L.      -lmsvcrt-ruby191 -lcdjukebox  -lshell32 -lws2_32 -limagehlp -lshlwapi  "
conftest.c: In function 't':
conftest.c:7:1: warning: implicit declaration of function 'new_jukebox'
checked program was:
/* begin */
 1: #include "ruby.h"
 2: 
 3: #include <winsock2.h>
 4: #include <windows.h>
 5: 
 6: /*top*/
 7: int t() { new_jukebox(); return 0; }
 8: int main(int argc, char **argv)
 9: {
10:   if (argc > 1000000) {
11:     printf("%p", &t);
12:   }
13: 
14:   return 0;
15: }
/* end */

--------------------

